Log file opened on Tue Apr 25 12:29:03 2017
Host: huntsman-ve565-2046.apn.wlan.upenn.edu  pid: 1229  nodeid: 0  nnodes:  1
The Gromacs distribution was built Tue Mar 14 13:14:50 EDT 2017 by
nick@huntsman-ve565-0253.apn.wlan.upenn.edu (Darwin 14.5.0 x86_64)


                         :-)  G  R  O  M  A  C  S  (-:

                  Green Red Orange Magenta Azure Cyan Skyblue

                            :-)  VERSION 4.5.3  (-:

        Written by Emile Apol, Rossen Apostolov, Herman J.C. Berendsen,
      Aldert van Buuren, Pär Bjelkmar, Rudi van Drunen, Anton Feenstra, 
        Gerrit Groenhof, Peter Kasson, Per Larsson, Pieter Meulenhoff, 
           Teemu Murtola, Szilard Pall, Sander Pronk, Roland Schulz, 
                Michael Shirts, Alfons Sijbers, Peter Tieleman,

               Berk Hess, David van der Spoel, and Erik Lindahl.

       Copyright (c) 1991-2000, University of Groningen, The Netherlands.
            Copyright (c) 2001-2010, The GROMACS development team at
        Uppsala University & The Royal Institute of Technology, Sweden.
            check out http://www.gromacs.org for more information.

         This program is free software; you can redistribute it and/or
          modify it under the terms of the GNU General Public License
         as published by the Free Software Foundation; either version 2
             of the License, or (at your option) any later version.

                                :-)  mdrun  (-:


++++ PLEASE READ AND CITE THE FOLLOWING REFERENCE ++++
B. Hess and C. Kutzner and D. van der Spoel and E. Lindahl
GROMACS 4: Algorithms for highly efficient, load-balanced, and scalable
molecular simulation
J. Chem. Theory Comput. 4 (2008) pp. 435-447
-------- -------- --- Thank You --- -------- --------


++++ PLEASE READ AND CITE THE FOLLOWING REFERENCE ++++
D. van der Spoel, E. Lindahl, B. Hess, G. Groenhof, A. E. Mark and H. J. C.
Berendsen
GROMACS: Fast, Flexible and Free
J. Comp. Chem. 26 (2005) pp. 1701-1719
-------- -------- --- Thank You --- -------- --------


++++ PLEASE READ AND CITE THE FOLLOWING REFERENCE ++++
E. Lindahl and B. Hess and D. van der Spoel
GROMACS 3.0: A package for molecular simulation and trajectory analysis
J. Mol. Mod. 7 (2001) pp. 306-317
-------- -------- --- Thank You --- -------- --------


++++ PLEASE READ AND CITE THE FOLLOWING REFERENCE ++++
H. J. C. Berendsen, D. van der Spoel and R. van Drunen
GROMACS: A message-passing parallel molecular dynamics implementation
Comp. Phys. Comm. 91 (1995) pp. 43-56
-------- -------- --- Thank You --- -------- --------

Input Parameters:
   integrator           = md
   nsteps               = 500
   init_step            = 0
   ns_type              = Grid
   nstlist              = 10
   ndelta               = 2
   nstcomm              = 0
   comm_mode            = None
   nstlog               = 500
   nstxout              = 0
   nstvout              = 0
   nstfout              = 0
   nstcalcenergy        = 10
   nstenergy            = 10
   nstxtcout            = 10
   init_t               = 0
   delta_t              = 0.002
   xtcprec              = 1e+06
   nkx                  = 25
   nky                  = 25
   nkz                  = 25
   pme_order            = 4
   ewald_rtol           = 1e-05
   ewald_geometry       = 0
   epsilon_surface      = 0
   optimize_fft         = FALSE
   ePBC                 = xyz
   bPeriodicMols        = FALSE
   bContinuation        = FALSE
   bShakeSOR            = FALSE
   etc                  = No
   nsttcouple           = -1
   epc                  = No
   epctype              = Isotropic
   nstpcouple           = -1
   tau_p                = 1
   ref_p (3x3):
      ref_p[    0]={ 0.00000e+00,  0.00000e+00,  0.00000e+00}
      ref_p[    1]={ 0.00000e+00,  0.00000e+00,  0.00000e+00}
      ref_p[    2]={ 0.00000e+00,  0.00000e+00,  0.00000e+00}
   compress (3x3):
      compress[    0]={ 0.00000e+00,  0.00000e+00,  0.00000e+00}
      compress[    1]={ 0.00000e+00,  0.00000e+00,  0.00000e+00}
      compress[    2]={ 0.00000e+00,  0.00000e+00,  0.00000e+00}
   refcoord_scaling     = No
   posres_com (3):
      posres_com[0]= 0.00000e+00
      posres_com[1]= 0.00000e+00
      posres_com[2]= 0.00000e+00
   posres_comB (3):
      posres_comB[0]= 0.00000e+00
      posres_comB[1]= 0.00000e+00
      posres_comB[2]= 0.00000e+00
   andersen_seed        = 815131
   rlist                = 1
   rlistlong            = 1
   rtpi                 = 0.05
   coulombtype          = PME
   rcoulomb_switch      = 0
   rcoulomb             = 1
   vdwtype              = Cut-off
   rvdw_switch          = 0
   rvdw                 = 1
   epsilon_r            = 1
   epsilon_rf           = 1
   tabext               = 1
   implicit_solvent     = No
   gb_algorithm         = Still
   gb_epsilon_solvent   = 80
   nstgbradii           = 1
   rgbradii             = 1
   gb_saltconc          = 0
   gb_obc_alpha         = 1
   gb_obc_beta          = 0.8
   gb_obc_gamma         = 4.85
   gb_dielectric_offset = 0.009
   sa_algorithm         = Ace-approximation
   sa_surface_tension   = 2.05016
   DispCorr             = No
   free_energy          = no
   init_lambda          = 0
   delta_lambda         = 0
   n_foreign_lambda     = 0
   sc_alpha             = 0
   sc_power             = 0
   sc_sigma             = 0.3
   sc_sigma_min         = 0.3
   nstdhdl              = 10
   separate_dhdl_file   = yes
   dhdl_derivatives     = yes
   dh_hist_size         = 0
   dh_hist_spacing      = 0.1
   nwall                = 0
   wall_type            = 9-3
   wall_atomtype[0]     = -1
   wall_atomtype[1]     = -1
   wall_density[0]      = 0
   wall_density[1]      = 0
   wall_ewald_zfac      = 3
   pull                 = no
   disre                = No
   disre_weighting      = Conservative
   disre_mixed          = FALSE
   dr_fc                = 1000
   dr_tau               = 0
   nstdisreout          = 100
   orires_fc            = 0
   orires_tau           = 0
   nstorireout          = 100
   dihre-fc             = 1000
   em_stepsize          = 0.01
   em_tol               = 10
   niter                = 20
   fc_stepsize          = 0
   nstcgsteep           = 1000
   nbfgscorr            = 10
   ConstAlg             = Lincs
   shake_tol            = 0.0001
   lincs_order          = 4
   lincs_warnangle      = 30
   lincs_iter           = 1
   bd_fric              = 0
   ld_seed              = 1993
   cos_accel            = 0
   deform (3x3):
      deform[    0]={ 0.00000e+00,  0.00000e+00,  0.00000e+00}
      deform[    1]={ 0.00000e+00,  0.00000e+00,  0.00000e+00}
      deform[    2]={ 0.00000e+00,  0.00000e+00,  0.00000e+00}
   userint1             = 0
   userint2             = 0
   userint3             = 0
   userint4             = 0
   userreal1            = 0
   userreal2            = 0
   userreal3            = 0
   userreal4            = 0
grpopts:
   nrdf:          48
   ref_t:           0
   tau_t:           0
anneal:          No
ann_npoints:           0
   acc:	           0           0           0
   nfreeze:           N           N           N
   energygrp_flags[  0]: 0
   efield-x:
      n = 0
   efield-xt:
      n = 0
   efield-y:
      n = 0
   efield-yt:
      n = 0
   efield-z:
      n = 0
   efield-zt:
      n = 0
   bQMMM                = FALSE
   QMconstraints        = 0
   QMMMscheme           = 0
   scalefactor          = 1
qm_opts:
   ngQM                 = 0
Table routines are used for coulomb: TRUE
Table routines are used for vdw:     FALSE
Will do PME sum in reciprocal space.

++++ PLEASE READ AND CITE THE FOLLOWING REFERENCE ++++
U. Essman, L. Perela, M. L. Berkowitz, T. Darden, H. Lee and L. G. Pedersen 
A smooth particle mesh Ewald method
J. Chem. Phys. 103 (1995) pp. 8577-8592
-------- -------- --- Thank You --- -------- --------

Will do ordinary reciprocal space Ewald sum.
Using a Gaussian width (1/beta) of 0.320163 nm for Ewald
Cut-off's:   NS: 1   Coulomb: 1   LJ: 1
System total charge: -0.000
Generated table with 1000 data points for Ewald.
Tabscale = 500 points/nm
Generated table with 1000 data points for LJ6.
Tabscale = 500 points/nm
Generated table with 1000 data points for LJ12.
Tabscale = 500 points/nm
Generated table with 1000 data points for 1-4 COUL.
Tabscale = 500 points/nm
Generated table with 1000 data points for 1-4 LJ6.
Tabscale = 500 points/nm
Generated table with 1000 data points for 1-4 LJ12.
Tabscale = 500 points/nm
Configuring nonbonded kernels...
Configuring standard C nonbonded kernels...
Testing x86_64 SSE2 support... present.


Removing pbc first time

Initializing LINear Constraint Solver

++++ PLEASE READ AND CITE THE FOLLOWING REFERENCE ++++
B. Hess and H. Bekker and H. J. C. Berendsen and J. G. E. M. Fraaije
LINCS: A Linear Constraint Solver for molecular simulations
J. Comp. Chem. 18 (1997) pp. 1463-1472
-------- -------- --- Thank You --- -------- --------

The number of constraints is 12
There are: 20 Atoms
Max number of connections per atom is 103
Total number of connections is 596
Max number of graph edges per atom is 5
Total number of graph edges is 38

Constraining the starting coordinates (step 0)

Constraining the coordinates at t0-dt (step 0)
RMS relative constraint deviation after constraining: 3.00e-07
Initial temperature: 3.64023e-08 K

Started mdrun on node 0 Tue Apr 25 12:29:03 2017

           Step           Time         Lambda
              0        0.00000        0.00000

Grid: 3 x 3 x 3 cells
   Energies (kJ/mol)
           Bond          Angle    Proper Dih.          LJ-14     Coulomb-14
    2.72855e+00    2.40005e+01    6.51919e+00    3.77920e+00    1.74258e+02
        LJ (SR)   Coulomb (SR)   Coul. recip.      Potential    Kinetic En.
   -4.48878e-01   -9.33898e+00   -7.24858e+01    1.29011e+02    2.08598e+00
   Total Energy    Temperature Pressure (bar)   Constr. rmsd
    1.31097e+02    1.04535e+01   -3.69292e+01    6.42423e-07

           Step           Time         Lambda
            500        1.00000        0.00000

Writing checkpoint, step 500 at Tue Apr 25 12:29:04 2017


   Energies (kJ/mol)
           Bond          Angle    Proper Dih.          LJ-14     Coulomb-14
    2.19659e+00    1.36930e+01    6.78378e+00    4.48452e+00    1.94378e+02
        LJ (SR)   Coulomb (SR)   Coul. recip.      Potential    Kinetic En.
   -5.26257e-01   -2.46321e+01   -8.02255e+01    1.16152e+02    1.38438e+01
   Total Energy    Temperature Pressure (bar)   Constr. rmsd
    1.29996e+02    6.93758e+01    3.62292e+01    9.04440e-07

	<======  ###############  ==>
	<====  A V E R A G E S  ====>
	<==  ###############  ======>

	Statistics over 501 steps using 51 frames

   Energies (kJ/mol)
           Bond          Angle    Proper Dih.          LJ-14     Coulomb-14
    2.09599e+00    1.22061e+01    4.69153e+00    2.84002e+00    1.91278e+02
        LJ (SR)   Coulomb (SR)   Coul. recip.      Potential    Kinetic En.
   -3.40829e-01   -2.03059e+01   -7.84774e+01    1.13988e+02    1.61352e+01
   Total Energy    Temperature Pressure (bar)   Constr. rmsd
    1.30123e+02    8.08586e+01   -2.49176e-01    0.00000e+00

   Total Virial (kJ/mol)
    6.89895e-01   -3.40001e+00    1.17479e+00
   -3.40005e+00    1.13156e+01   -1.42410e+00
    1.17478e+00   -1.42407e+00    4.73745e+00

   Pressure (bar)
    6.11570e+00    2.53559e+00   -7.39442e-01
    2.53564e+00   -7.25808e+00    1.03545e+00
   -7.39429e-01    1.03541e+00    3.94846e-01

   Total Dipole (D)
    6.56858e-01    2.72382e+00    2.85952e-01


	M E G A - F L O P S   A C C O U N T I N G

   RF=Reaction-Field  FE=Free Energy  SCFE=Soft-Core/Free Energy
   T=Tabulated        W3=SPC/TIP3p    W4=TIP4p (single or pairs)
   NF=No Forces

 Computing:                               M-Number         M-Flops  % Flops
-----------------------------------------------------------------------------
 Coul(T)                                  0.001002           0.042     0.0
 Coul(T) + LJ                             0.002505           0.138     0.0
 Outer nonbonded loop                     0.002004           0.020     0.0
 1,4 nonbonded interactions               0.024048           2.164     0.1
 Calc Weights                             0.030060           1.082     0.1
 Spread Q Bspline                         0.641280           1.283     0.1
 Gather F Bspline                         0.641280           3.848     0.2
 3D-FFT                                 218.115360        1744.923    86.2
 Solve PME                                4.070625         260.520    12.9
 NS-Pairs                                 0.010710           0.225     0.0
 Reset In Box                             0.001020           0.003     0.0
 Shift-X                                  0.020040           0.120     0.0
 CG-CoM                                   0.001020           0.003     0.0
 Bonds                                    0.003507           0.207     0.0
 Angles                                   0.018036           3.030     0.1
 Propers                                  0.026553           6.081     0.3
 Virial                                   0.003315           0.060     0.0
 Calc-Ekin                                0.010040           0.271     0.0
 Lincs                                    0.006036           0.362     0.0
 Lincs-Mat                                0.054324           0.217     0.0
 Constraint-V                             0.012048           0.096     0.0
 Constraint-Vir                           0.000612           0.015     0.0
-----------------------------------------------------------------------------
 Total                                                    2024.710   100.0
-----------------------------------------------------------------------------


     R E A L   C Y C L E   A N D   T I M E   A C C O U N T I N G

 Computing:         Nodes     Number     G-Cycles    Seconds     %
-----------------------------------------------------------------------
 Neighbor search        1         51        0.004        0.0     0.4
 Force                  1        501        0.083        0.0     6.8
 PME mesh               1        501        1.109        0.3    90.6
 Write traj.            1         51        0.010        0.0     0.8
 Update                 1        501        0.002        0.0     0.2
 Constraints            1        501        0.006        0.0     0.5
 Rest                   1                   0.010        0.0     0.8
-----------------------------------------------------------------------
 Total                  1                   1.223        0.4   100.0
-----------------------------------------------------------------------
-----------------------------------------------------------------------
 PME spread/gather      1       1002        0.367        0.1    30.0
 PME 3D-FFT             1       1002        0.237        0.1    19.4
 PME solve              1        501        0.504        0.2    41.2
-----------------------------------------------------------------------

               NODE (s)   Real (s)      (%)
       Time:      0.370      0.371     99.7
               (Mnbf/s)   (GFlops)   (ns/day)  (hour/ns)
Performance:      0.009      5.467    233.779      0.103
Finished mdrun on node 0 Tue Apr 25 12:29:04 2017
